2022-11-19 12:49:38.485 [info] Validating found git in: git
2022-11-19 12:49:38.486 [info] Using git  from git
2022-11-19 12:49:38.486 [info] > git rev-parse --show-toplevel [19ms]
2022-11-19 12:49:38.486 [info] > git rev-parse --git-dir --git-common-dir [95ms]
2022-11-19 12:49:38.486 [info] Log level: Info
2022-11-19 12:49:38.486 [info] Open repository: /home/primetime/.config
2022-11-19 12:49:38.486 [info] > git remote --verbose [1932ms]
2022-11-19 12:49:38.486 [info] > git for-each-ref --sort -committerdate --format %(refname) %(objectname) %(*objectname) [1960ms]
2022-11-19 12:49:38.486 [info] > git config --get commit.template [3383ms]
2022-11-19 12:49:38.486 [info] > git rev-parse --show-toplevel [3434ms]
2022-11-19 12:49:38.486 [info] > git check-ignore -v -z --stdin [1884ms]
2022-11-19 12:49:38.486 [info] > git rev-parse --show-toplevel [468ms]
2022-11-19 12:49:38.486 [info] > git rev-parse --show-toplevel [517ms]
2022-11-19 12:49:39.263 [info] > git rev-parse --show-toplevel [1743ms]
2022-11-19 12:49:39.329 [info] > git for-each-ref --format=%(refname)%00%(upstream:short)%00%(objectname)%00%(upstream:track)%00%(upstream:remotename)%00%(upstream:remoteref) refs/heads/master refs/remotes/master [2067ms]
2022-11-19 12:49:39.715 [info] > git rev-parse --show-toplevel [383ms]
2022-11-19 12:49:40.023 [info] > git rev-parse --show-toplevel [230ms]
2022-11-19 12:49:42.142 [info] > git rev-parse --show-toplevel [2042ms]
2022-11-19 12:49:42.885 [info] > git rev-parse --show-toplevel [601ms]
2022-11-19 12:49:44.060 [info] > git rev-parse --show-toplevel [1078ms]
2022-11-19 12:49:44.463 [info] > git rev-parse --show-toplevel [328ms]
2022-11-19 12:49:47.843 [info] > git rev-parse --show-toplevel [3207ms]
2022-11-19 12:49:48.083 [info] > git rev-parse --show-toplevel [167ms]
2022-11-19 12:49:49.540 [info] > git rev-parse --show-toplevel [1421ms]
2022-11-19 12:49:53.010 [info] > git rev-parse --show-toplevel [3439ms]
2022-11-19 12:49:53.498 [info] > git rev-parse --show-toplevel [411ms]
2022-11-19 12:49:53.801 [info] > git rev-parse --show-toplevel [209ms]
2022-11-19 12:49:59.243 [info] > git rev-parse --show-toplevel [5347ms]
2022-11-19 12:49:59.792 [info] > git show --textconv :starship.toml [513ms]
2022-11-19 12:49:59.823 [info] > git ls-files --stage -- /home/primetime/.config/starship.toml [489ms]
2022-11-19 12:50:01.581 [info] > git cat-file -s e28dba1610a9bb4bc758d2c87b11f6a99969832d [1658ms]
2022-11-19 12:50:07.029 [info] > git status -z -uall [34253ms]
2022-11-19 12:50:09.482 [info] > git remote --verbose [2196ms]
2022-11-19 12:50:09.485 [info] > git for-each-ref --sort -committerdate --format %(refname) %(objectname) %(*objectname) [2255ms]
2022-11-19 12:50:09.950 [info] > git config --get commit.template [709ms]
2022-11-19 12:50:13.660 [info] > git for-each-ref --format=%(refname)%00%(upstream:short)%00%(objectname)%00%(upstream:track)%00%(upstream:remotename)%00%(upstream:remoteref) refs/heads/master refs/remotes/master [3065ms]
2022-11-19 12:50:15.858 [info] > git check-ignore -v -z --stdin [1621ms]
2022-11-19 12:50:32.929 [info] > git status -z -uall [25612ms]
2022-11-19 12:50:36.147 [info] > git add -A -- . [24751ms]
2022-11-19 12:50:36.280 [info] > git -c user.useConfigOnly=true commit --quiet --allow-empty-message --file - [100ms]
2022-11-19 12:50:36.612 [info] > git remote --verbose [230ms]
2022-11-19 12:50:36.614 [info] > git for-each-ref --sort -committerdate --format %(refname) %(objectname) %(*objectname) [296ms]
2022-11-19 12:50:36.674 [info] > git config --get commit.template [79ms]
2022-11-19 12:50:36.963 [info] > git for-each-ref --format=%(refname)%00%(upstream:short)%00%(objectname)%00%(upstream:track)%00%(upstream:remotename)%00%(upstream:remoteref) refs/heads/master refs/remotes/master [87ms]
2022-11-19 12:50:38.052 [info] > git ls-files --stage -- /home/primetime/.config/starship.toml [170ms]
2022-11-19 12:50:38.515 [info] > git cat-file -s e28dba1610a9bb4bc758d2c87b11f6a99969832d [312ms]
2022-11-19 12:50:38.866 [info] > git show --textconv :starship.toml [72ms]
2022-11-19 12:50:50.194 [info] > git status -z -uall [13745ms]
2022-11-19 12:50:50.292 [info] > git config --get commit.template [1ms]
2022-11-19 12:51:05.783 [info] > git add -A -- . [8781ms]
2022-11-19 12:51:07.234 [info] > git ls-files --stage -- /home/primetime/.config/starship.toml [21ms]
2022-11-19 12:51:07.363 [info] > git cat-file -s e28dba1610a9bb4bc758d2c87b11f6a99969832d [21ms]
2022-11-19 12:51:07.512 [info] > git show --textconv :starship.toml [2ms]
2022-11-19 12:51:16.743 [info] > git show --textconv :.git/COMMIT_EDITMSG [95ms]
2022-11-19 12:51:16.753 [info] > git check-ignore -v -z --stdin [244ms]
2022-11-19 12:51:16.754 [info] > git ls-files --stage -- /home/primetime/.config/.git/COMMIT_EDITMSG [11ms]
2022-11-19 12:51:38.851 [info] > git -c user.useConfigOnly=true commit --quiet [33035ms]
2022-11-19 12:51:38.851 [info] Aborting commit due to empty commit message.
2022-11-19 12:51:39.470 [info] > git show --textconv :starship.toml [36ms]
2022-11-19 12:51:39.477 [info] > git ls-files --stage -- /home/primetime/.config/starship.toml [7ms]
2022-11-19 12:51:39.532 [info] > git cat-file -s e28dba1610a9bb4bc758d2c87b11f6a99969832d [8ms]
2022-11-19 12:51:40.666 [info] > git remote --verbose [41ms]
2022-11-19 12:51:40.668 [info] > git for-each-ref --sort -committerdate --format %(refname) %(objectname) %(*objectname) [61ms]
2022-11-19 12:51:40.772 [info] > git config --get commit.template [103ms]
2022-11-19 12:51:40.791 [info] > git for-each-ref --format=%(refname)%00%(upstream:short)%00%(objectname)%00%(upstream:track)%00%(upstream:remotename)%00%(upstream:remoteref) refs/heads/master refs/remotes/master [23ms]
2022-11-19 12:51:48.078 [info] > git check-ignore -v -z --stdin [51ms]
2022-11-19 12:51:51.842 [info] > git status -z -uall [11202ms]
2022-11-19 12:52:14.261 [info] > git remote --verbose [34ms]
2022-11-19 12:52:14.263 [info] > git for-each-ref --sort -committerdate --format %(refname) %(objectname) %(*objectname) [52ms]
2022-11-19 12:52:14.289 [info] > git config --get commit.template [28ms]
2022-11-19 12:52:14.294 [info] > git for-each-ref --format=%(refname)%00%(upstream:short)%00%(objectname)%00%(upstream:track)%00%(upstream:remotename)%00%(upstream:remoteref) refs/heads/master refs/remotes/master [8ms]
2022-11-19 12:52:22.345 [info] > git status -z -uall [8103ms]
2022-11-19 12:52:41.063 [info] > git remote --verbose [30ms]
2022-11-19 12:52:41.064 [info] > git for-each-ref --sort -committerdate --format %(refname) %(objectname) %(*objectname) [46ms]
2022-11-19 12:52:41.094 [info] > git config --get commit.template [32ms]
2022-11-19 12:52:41.103 [info] > git for-each-ref --format=%(refname)%00%(upstream:short)%00%(objectname)%00%(upstream:track)%00%(upstream:remotename)%00%(upstream:remoteref) refs/heads/master refs/remotes/master [10ms]
2022-11-19 12:52:51.217 [info] > git push [23ms]
2022-11-19 12:52:51.217 [info] fatal: No configured push destination.
Either specify the URL from the command-line or configure a remote repository using

    git remote add <name> <url>

and then push using the remote name

    git push <name>
2022-11-19 12:52:52.718 [info] > git status -z -uall [11672ms]
2022-11-19 12:52:57.980 [info] > git remote --verbose [31ms]
2022-11-19 12:52:57.981 [info] > git for-each-ref --sort -committerdate --format %(refname) %(objectname) %(*objectname) [48ms]
2022-11-19 12:52:58.018 [info] > git config --get commit.template [37ms]
2022-11-19 12:52:58.023 [info] > git for-each-ref --format=%(refname)%00%(upstream:short)%00%(objectname)%00%(upstream:track)%00%(upstream:remotename)%00%(upstream:remoteref) refs/heads/master refs/remotes/master [9ms]
2022-11-19 12:53:07.377 [info] > git status -z -uall [9413ms]
2022-11-19 12:53:12.476 [info] > git remote --verbose [56ms]
2022-11-19 12:53:12.477 [info] > git for-each-ref --sort -committerdate --format %(refname) %(objectname) %(*objectname) [77ms]
2022-11-19 12:53:12.505 [info] > git config --get commit.template [28ms]
2022-11-19 12:53:12.511 [info] > git for-each-ref --format=%(refname)%00%(upstream:short)%00%(objectname)%00%(upstream:track)%00%(upstream:remotename)%00%(upstream:remoteref) refs/heads/master refs/remotes/master [8ms]
2022-11-19 12:53:21.242 [info] > git status -z -uall [8802ms]
2022-11-19 12:55:02.752 [info] > git remote --verbose [30ms]
2022-11-19 12:55:02.753 [info] > git for-each-ref --sort -committerdate --format %(refname) %(objectname) %(*objectname) [52ms]
2022-11-19 12:55:02.815 [info] > git config --get commit.template [35ms]
2022-11-19 12:55:02.827 [info] > git for-each-ref --format=%(refname)%00%(upstream:short)%00%(objectname)%00%(upstream:track)%00%(upstream:remotename)%00%(upstream:remoteref) refs/heads/master refs/remotes/master [12ms]
2022-11-19 12:55:14.362 [info] > git status -z -uall [11622ms]
2022-11-19 12:56:20.212 [info] > git -c user.useConfigOnly=true commit --quiet --allow-empty-message --file - [35ms]
2022-11-19 12:56:20.347 [info] > git remote --verbose [43ms]
2022-11-19 12:56:20.350 [info] > git for-each-ref --sort -committerdate --format %(refname) %(objectname) %(*objectname) [102ms]
2022-11-19 12:56:20.410 [info] > git config --get commit.template [3ms]
2022-11-19 12:56:20.442 [info] > git for-each-ref --format=%(refname)%00%(upstream:short)%00%(objectname)%00%(upstream:track)%00%(upstream:remotename)%00%(upstream:remoteref) refs/heads/master refs/remotes/master [10ms]
2022-11-19 12:56:25.154 [info] > git show --textconv :starship.toml [60ms]
2022-11-19 12:56:25.170 [info] > git ls-files --stage -- /home/primetime/.config/starship.toml [16ms]
2022-11-19 12:56:25.326 [info] > git cat-file -s e28dba1610a9bb4bc758d2c87b11f6a99969832d [35ms]
2022-11-19 12:56:30.488 [info] > git status -z -uall [10148ms]
2022-11-19 12:56:30.535 [info] > git config --get commit.template [6ms]
2022-11-19 12:56:39.531 [info] > git push [3ms]
2022-11-19 12:56:39.531 [info] fatal: No configured push destination.
Either specify the URL from the command-line or configure a remote repository using

    git remote add <name> <url>

and then push using the remote name

    git push <name>
2022-11-19 12:56:43.455 [info] > git remote --verbose [89ms]
2022-11-19 12:56:43.456 [info] > git for-each-ref --sort -committerdate --format %(refname) %(objectname) %(*objectname) [109ms]
2022-11-19 12:56:43.458 [info] > git config --get commit.template [4ms]
2022-11-19 12:56:43.555 [info] > git for-each-ref --format=%(refname)%00%(upstream:short)%00%(objectname)%00%(upstream:track)%00%(upstream:remotename)%00%(upstream:remoteref) refs/heads/master refs/remotes/master [40ms]
2022-11-19 12:56:43.557 [info] > git ls-files --stage -- /home/primetime/.config/starship.toml [3ms]
2022-11-19 12:56:43.607 [info] > git cat-file -s e28dba1610a9bb4bc758d2c87b11f6a99969832d [20ms]
2022-11-19 12:56:43.860 [info] > git show --textconv :starship.toml [35ms]
2022-11-19 12:56:54.938 [info] > git status -z -uall [11550ms]
2022-11-19 12:57:00.007 [info] > git remote --verbose [35ms]
2022-11-19 12:57:00.009 [info] > git for-each-ref --sort -committerdate --format %(refname) %(objectname) %(*objectname) [52ms]
2022-11-19 12:57:00.079 [info] > git config --get commit.template [73ms]
2022-11-19 12:57:00.086 [info] > git for-each-ref --format=%(refname)%00%(upstream:short)%00%(objectname)%00%(upstream:track)%00%(upstream:remotename)%00%(upstream:remoteref) refs/heads/master refs/remotes/master [8ms]
2022-11-19 12:57:10.077 [info] > git status -z -uall [10091ms]
2022-11-19 12:58:45.333 [info] > git remote --verbose [62ms]
2022-11-19 12:58:45.335 [info] > git for-each-ref --sort -committerdate --format %(refname) %(objectname) %(*objectname) [93ms]
2022-11-19 12:58:45.364 [info] > git config --get commit.template [28ms]
2022-11-19 12:58:45.369 [info] > git for-each-ref --format=%(refname)%00%(upstream:short)%00%(objectname)%00%(upstream:track)%00%(upstream:remotename)%00%(upstream:remoteref) refs/heads/master refs/remotes/master [8ms]
2022-11-19 12:58:55.022 [info] > git status -z -uall [9732ms]
2022-11-19 13:01:11.824 [info] > git show --textconv :starship.toml [79ms]
2022-11-19 13:01:11.843 [info] > git ls-files --stage -- /home/primetime/.config/starship.toml [18ms]
2022-11-19 13:01:11.916 [info] > git cat-file -s e28dba1610a9bb4bc758d2c87b11f6a99969832d [7ms]
2022-11-19 13:01:22.833 [info] > git push [5ms]
2022-11-19 13:01:22.834 [info] fatal: No configured push destination.
Either specify the URL from the command-line or configure a remote repository using

    git remote add <name> <url>

and then push using the remote name

    git push <name>
2022-11-19 13:01:25.561 [info] > git remote --verbose [48ms]
2022-11-19 13:01:25.561 [info] > git for-each-ref --sort -committerdate --format %(refname) %(objectname) %(*objectname) [68ms]
2022-11-19 13:01:25.587 [info] > git config --get commit.template [27ms]
2022-11-19 13:01:25.620 [info] > git ls-files --stage -- /home/primetime/.config/starship.toml [35ms]
2022-11-19 13:01:25.662 [info] > git for-each-ref --format=%(refname)%00%(upstream:short)%00%(objectname)%00%(upstream:track)%00%(upstream:remotename)%00%(upstream:remoteref) refs/heads/master refs/remotes/master [42ms]
2022-11-19 13:01:25.669 [info] > git cat-file -s e28dba1610a9bb4bc758d2c87b11f6a99969832d [8ms]
2022-11-19 13:01:25.851 [info] > git show --textconv :starship.toml [28ms]
2022-11-19 13:01:35.086 [info] > git status -z -uall [9556ms]
2022-11-19 13:01:40.166 [info] > git remote --verbose [47ms]
2022-11-19 13:01:40.167 [info] > git for-each-ref --sort -committerdate --format %(refname) %(objectname) %(*objectname) [63ms]
2022-11-19 13:01:40.197 [info] > git config --get commit.template [31ms]
2022-11-19 13:01:40.206 [info] > git for-each-ref --format=%(refname)%00%(upstream:short)%00%(objectname)%00%(upstream:track)%00%(upstream:remotename)%00%(upstream:remoteref) refs/heads/master refs/remotes/master [11ms]
2022-11-19 13:01:49.033 [info] > git status -z -uall [8893ms]
2022-11-19 13:10:49.200 [info] > git remote --verbose [49ms]
2022-11-19 13:10:49.202 [info] > git for-each-ref --sort -committerdate --format %(refname) %(objectname) %(*objectname) [72ms]
2022-11-19 13:10:49.230 [info] > git config --get commit.template [30ms]
2022-11-19 13:10:49.236 [info] > git for-each-ref --format=%(refname)%00%(upstream:short)%00%(objectname)%00%(upstream:track)%00%(upstream:remotename)%00%(upstream:remoteref) refs/heads/master refs/remotes/master [9ms]
2022-11-19 13:10:58.270 [info] > git status -z -uall [9098ms]
2022-11-19 13:11:03.346 [info] > git remote --verbose [33ms]
2022-11-19 13:11:03.347 [info] > git for-each-ref --sort -committerdate --format %(refname) %(objectname) %(*objectname) [51ms]
2022-11-19 13:11:03.389 [info] > git config --get commit.template [45ms]
2022-11-19 13:11:03.397 [info] > git for-each-ref --format=%(refname)%00%(upstream:short)%00%(objectname)%00%(upstream:track)%00%(upstream:remotename)%00%(upstream:remoteref) refs/heads/master refs/remotes/master [4ms]
2022-11-19 13:11:12.077 [info] > git status -z -uall [8750ms]
2022-11-19 13:23:23.599 [info] > git remote --verbose [80ms]
2022-11-19 13:23:23.601 [info] > git for-each-ref --sort -committerdate --format %(refname) %(objectname) %(*objectname) [106ms]
2022-11-19 13:23:23.639 [info] > git config --get commit.template [41ms]
2022-11-19 13:23:23.717 [info] > git ls-files --stage -- /home/primetime/.config/starship.toml [81ms]
2022-11-19 13:23:23.752 [info] > git for-each-ref --format=%(refname)%00%(upstream:short)%00%(objectname)%00%(upstream:track)%00%(upstream:remotename)%00%(upstream:remoteref) refs/heads/master refs/remotes/master [37ms]
2022-11-19 13:23:23.761 [info] > git cat-file -s e28dba1610a9bb4bc758d2c87b11f6a99969832d [9ms]
2022-11-19 13:23:23.888 [info] > git show --textconv :starship.toml [24ms]
2022-11-19 13:23:34.653 [info] > git status -z -uall [11108ms]
