2022-11-19 12:49:20.960 [info] Extension host with pid 19262 started
2022-11-19 12:49:20.961 [info] Skipping acquiring lock for /home/primetime/.config/Code/User/workspaceStorage/03de92b83806ec50ee372e3e60837cd9.
2022-11-19 12:49:22.684 [info] ExtensionService#_doActivateExtension bungcip.better-toml, startup: false, activationEvent: 'onLanguage:toml'
2022-11-19 12:49:22.687 [info] ExtensionService#_doActivateExtension vscode.microsoft-authentication, startup: false, activationEvent: 'onAuthenticationRequest:microsoft'
2022-11-19 12:49:22.688 [info] ExtensionService#_doActivateExtension vscode.git-base, startup: true, activationEvent: '*', root cause: vscode.git
2022-11-19 12:49:22.688 [info] ExtensionService#_doActivateExtension actboy168.tasks, startup: true, activationEvent: '*'
2022-11-19 12:49:22.689 [info] ExtensionService#_doActivateExtension ecmel.vscode-html-css, startup: true, activationEvent: '*'
2022-11-19 12:49:22.689 [info] ExtensionService#_doActivateExtension formulahendry.auto-rename-tag, startup: true, activationEvent: '*'
2022-11-19 12:49:22.690 [info] ExtensionService#_doActivateExtension formulahendry.terminal, startup: true, activationEvent: '*'
2022-11-19 12:49:22.690 [info] ExtensionService#_doActivateExtension oderwat.indent-rainbow, startup: true, activationEvent: '*'
2022-11-19 12:49:22.690 [info] ExtensionService#_doActivateExtension ms-vscode.cpptools, startup: true, activationEvent: '*', root cause: platformio.platformio-ide
2022-11-19 12:49:22.691 [info] ExtensionService#_doActivateExtension vscodevim.vim, startup: true, activationEvent: '*'
2022-11-19 12:49:22.691 [info] ExtensionService#_doActivateExtension Zignd.html-css-class-completion, startup: true, activationEvent: '*'
2022-11-19 12:49:27.944 [error] Error: ENOENT: no such file or directory, open '/home/primetime/.config/Code/User/globalStorage/vscodevim.vim/.registers'
2022-11-19 12:49:28.767 [info] ExtensionService#_doActivateExtension vscode.git, startup: true, activationEvent: '*'
2022-11-19 12:49:28.770 [info] ExtensionService#_doActivateExtension vscode.github, startup: true, activationEvent: '*'
2022-11-19 12:49:29.179 [info] Not activating extension 'ms-python.isort': Timed out while searching for 'workspaceContains' pattern *.py
2022-11-19 12:49:29.184 [info] Not activating extension 'ms-vscode.cmake-tools': Timed out while searching for 'workspaceContains' pattern */CMakeLists.txt,*/*/CMakeLists.txt,*/*/*/CMakeLists.txt
2022-11-19 12:49:29.185 [info] Not activating extension 'pranaygp.vscode-css-peek': Timed out while searching for 'workspaceContains' pattern **/*.css,**/*.scss,**/*.sass,**/*.less
2022-11-19 12:49:29.185 [info] Not activating extension 'rust-lang.rust-analyzer': Timed out while searching for 'workspaceContains' pattern */Cargo.toml,*/rust-project.json
2022-11-19 12:49:29.249 [info] ExtensionService#_doActivateExtension platformio.platformio-ide, startup: true, activationEvent: '*'
2022-11-19 12:49:31.537 [info] ExtensionService#_doActivateExtension vscode.grunt, startup: false, activationEvent: 'onTaskType:grunt'
2022-11-19 12:49:31.544 [info] ExtensionService#_doActivateExtension vscode.gulp, startup: false, activationEvent: 'onTaskType:gulp'
2022-11-19 12:49:31.545 [info] ExtensionService#_doActivateExtension vscode.jake, startup: false, activationEvent: 'onTaskType:jake'
2022-11-19 12:49:31.545 [info] ExtensionService#_doActivateExtension vscode.npm, startup: false, activationEvent: 'onTaskType:npm'
2022-11-19 12:49:31.545 [info] ExtensionService#_doActivateExtension vscode.typescript-language-features, startup: false, activationEvent: 'onTaskType:typescript'
2022-11-19 12:49:31.546 [info] ExtensionService#_doActivateExtension ms-azuretools.vscode-docker, startup: false, activationEvent: 'onTaskType:docker-build'
2022-11-19 12:49:33.517 [info] ExtensionService#_doActivateExtension vscode.debug-auto-launch, startup: false, activationEvent: 'onStartupFinished'
2022-11-19 12:49:33.517 [info] ExtensionService#_doActivateExtension vscode.emmet, startup: false, activationEvent: 'onStartupFinished'
2022-11-19 12:49:33.518 [info] ExtensionService#_doActivateExtension vscode.merge-conflict, startup: false, activationEvent: 'onStartupFinished'
2022-11-19 12:49:33.518 [info] ExtensionService#_doActivateExtension aaron-bond.better-comments, startup: false, activationEvent: 'onStartupFinished'
2022-11-19 12:49:33.518 [info] ExtensionService#_doActivateExtension bierner.emojisense, startup: false, activationEvent: 'onStartupFinished'
2022-11-19 12:49:33.519 [info] ExtensionService#_doActivateExtension Gruntfuggly.todo-tree, startup: false, activationEvent: 'onStartupFinished'
2022-11-19 12:49:33.519 [info] ExtensionService#_doActivateExtension marus25.cortex-debug, startup: false, activationEvent: 'onStartupFinished'
2022-11-19 12:49:33.519 [info] ExtensionService#_doActivateExtension ms-vscode-remote.remote-containers, startup: false, activationEvent: 'onStartupFinished'
2022-11-19 12:49:33.520 [info] ExtensionService#_doActivateExtension ms-vscode-remote.remote-wsl, startup: false, activationEvent: 'onStartupFinished'
2022-11-19 12:49:33.520 [info] ExtensionService#_doActivateExtension PKief.material-icon-theme, startup: false, activationEvent: 'onStartupFinished'
2022-11-19 12:49:33.520 [info] ExtensionService#_doActivateExtension ritwickdey.LiveServer, startup: false, activationEvent: 'onStartupFinished'
2022-11-19 12:49:33.521 [info] ExtensionService#_doActivateExtension streetsidesoftware.code-spell-checker, startup: false, activationEvent: 'onStartupFinished'
2022-11-19 12:49:33.521 [info] ExtensionService#_doActivateExtension vscode-icons-team.vscode-icons, startup: false, activationEvent: 'onStartupFinished'
2022-11-19 12:49:38.380 [info] ExtensionService#_doActivateExtension vscode.github-authentication, startup: false, activationEvent: 'onAuthenticationRequest:github'
2022-11-19 12:49:47.170 [info] ExtensionService#_doActivateExtension vscode.configuration-editing, startup: false, activationEvent: 'onLanguage:jsonc'
2022-11-19 12:49:47.171 [info] ExtensionService#_doActivateExtension vscode.json-language-features, startup: false, activationEvent: 'onLanguage:jsonc'
2022-11-19 12:50:14.391 [info] ExtensionService#_doActivateExtension vscode.extension-editing, startup: false, activationEvent: 'onLanguage:json'
2022-11-19 12:50:32.606 [info] Eager extensions activated
